Files already downloaded and verified
Files already downloaded and verified
2019-06-06 14:41:26,780 - root - INFO - Uses CosineAnnealingLR scheduler.
2019-06-06 14:41:38,821 - root - INFO - [0, 500] loss: 1.878
2019-06-06 14:41:50,520 - root - INFO - [0, 1000] loss: 1.502
2019-06-06 14:42:02,219 - root - INFO - [0, 1500] loss: 1.337
Accuracy of the network on the 10000 test images: 0.586
Accuracy of plane : 38 %
Accuracy of   car : 57 %
Accuracy of  bird : 52 %
Accuracy of   cat : 37 %
Accuracy of  deer : 52 %
Accuracy of   dog : 65 %
Accuracy of  frog : 61 %
Accuracy of horse : 59 %
Accuracy of  ship : 85 %
Accuracy of truck : 78 %
2019-06-06 14:42:17,609 - root - INFO - [1, 500] loss: 1.206
2019-06-06 14:42:29,331 - root - INFO - [1, 1000] loss: 1.122
2019-06-06 14:42:41,028 - root - INFO - [1, 1500] loss: 1.051
2019-06-06 14:42:54,467 - root - INFO - [2, 500] loss: 0.971
2019-06-06 14:43:06,264 - root - INFO - [2, 1000] loss: 0.916
2019-06-06 14:43:18,078 - root - INFO - [2, 1500] loss: 0.863
2019-06-06 14:43:31,506 - root - INFO - [3, 500] loss: 0.810
2019-06-06 14:43:43,435 - root - INFO - [3, 1000] loss: 0.776
2019-06-06 14:43:55,398 - root - INFO - [3, 1500] loss: 0.752
2019-06-06 14:44:08,854 - root - INFO - [4, 500] loss: 0.703
2019-06-06 14:44:20,733 - root - INFO - [4, 1000] loss: 0.702
2019-06-06 14:44:32,525 - root - INFO - [4, 1500] loss: 0.682
2019-06-06 14:44:45,972 - root - INFO - [5, 500] loss: 0.647
2019-06-06 14:44:57,836 - root - INFO - [5, 1000] loss: 0.639
2019-06-06 14:45:09,666 - root - INFO - [5, 1500] loss: 0.613
2019-06-06 14:45:23,255 - root - INFO - [6, 500] loss: 0.592
2019-06-06 14:45:35,048 - root - INFO - [6, 1000] loss: 0.581
2019-06-06 14:45:46,884 - root - INFO - [6, 1500] loss: 0.588
2019-06-06 14:46:00,315 - root - INFO - [7, 500] loss: 0.558
2019-06-06 14:46:12,393 - root - INFO - [7, 1000] loss: 0.565
2019-06-06 14:46:24,379 - root - INFO - [7, 1500] loss: 0.545
2019-06-06 14:46:38,139 - root - INFO - [8, 500] loss: 0.528
2019-06-06 14:46:50,315 - root - INFO - [8, 1000] loss: 0.536
2019-06-06 14:47:02,368 - root - INFO - [8, 1500] loss: 0.516
2019-06-06 14:47:15,808 - root - INFO - [9, 500] loss: 0.505
2019-06-06 14:47:27,669 - root - INFO - [9, 1000] loss: 0.496
2019-06-06 14:47:39,498 - root - INFO - [9, 1500] loss: 0.496
2019-06-06 14:47:53,150 - root - INFO - [10, 500] loss: 0.472
2019-06-06 14:48:05,206 - root - INFO - [10, 1000] loss: 0.493
2019-06-06 14:48:17,052 - root - INFO - [10, 1500] loss: 0.486
Accuracy of the network on the 10000 test images: 0.835
Accuracy of plane : 79 %
Accuracy of   car : 93 %
Accuracy of  bird : 67 %
Accuracy of   cat : 84 %
Accuracy of  deer : 87 %
Accuracy of   dog : 67 %
Accuracy of  frog : 87 %
Accuracy of horse : 87 %
Accuracy of  ship : 90 %
Accuracy of truck : 91 %
2019-06-06 14:48:32,587 - root - INFO - [11, 500] loss: 0.464
2019-06-06 14:48:44,386 - root - INFO - [11, 1000] loss: 0.464
2019-06-06 14:48:56,147 - root - INFO - [11, 1500] loss: 0.452
2019-06-06 14:49:09,546 - root - INFO - [12, 500] loss: 0.437
2019-06-06 14:49:21,313 - root - INFO - [12, 1000] loss: 0.453
2019-06-06 14:49:33,090 - root - INFO - [12, 1500] loss: 0.454
2019-06-06 14:49:46,484 - root - INFO - [13, 500] loss: 0.425
2019-06-06 14:49:58,210 - root - INFO - [13, 1000] loss: 0.445
2019-06-06 14:50:09,992 - root - INFO - [13, 1500] loss: 0.444
2019-06-06 14:50:23,397 - root - INFO - [14, 500] loss: 0.417
2019-06-06 14:50:35,183 - root - INFO - [14, 1000] loss: 0.423
2019-06-06 14:50:46,954 - root - INFO - [14, 1500] loss: 0.439
2019-06-06 14:51:00,328 - root - INFO - [15, 500] loss: 0.409
2019-06-06 14:51:12,081 - root - INFO - [15, 1000] loss: 0.405
2019-06-06 14:51:23,829 - root - INFO - [15, 1500] loss: 0.437
2019-06-06 14:51:37,242 - root - INFO - [16, 500] loss: 0.397
2019-06-06 14:51:49,008 - root - INFO - [16, 1000] loss: 0.411
2019-06-06 14:52:00,781 - root - INFO - [16, 1500] loss: 0.414
2019-06-06 14:52:14,161 - root - INFO - [17, 500] loss: 0.393
2019-06-06 14:52:25,918 - root - INFO - [17, 1000] loss: 0.396
2019-06-06 14:52:37,695 - root - INFO - [17, 1500] loss: 0.412
2019-06-06 14:52:51,094 - root - INFO - [18, 500] loss: 0.396
2019-06-06 14:53:02,873 - root - INFO - [18, 1000] loss: 0.394
2019-06-06 14:53:14,641 - root - INFO - [18, 1500] loss: 0.389
2019-06-06 14:53:28,008 - root - INFO - [19, 500] loss: 0.381
2019-06-06 14:53:39,751 - root - INFO - [19, 1000] loss: 0.381
2019-06-06 14:53:51,509 - root - INFO - [19, 1500] loss: 0.387
2019-06-06 14:54:04,805 - root - INFO - [20, 500] loss: 0.364
2019-06-06 14:54:16,474 - root - INFO - [20, 1000] loss: 0.377
2019-06-06 14:54:28,103 - root - INFO - [20, 1500] loss: 0.398
Accuracy of the network on the 10000 test images: 0.831
Accuracy of plane : 76 %
Accuracy of   car : 86 %
Accuracy of  bird : 67 %
Accuracy of   cat : 65 %
Accuracy of  deer : 94 %
Accuracy of   dog : 72 %
Accuracy of  frog : 95 %
Accuracy of horse : 85 %
Accuracy of  ship : 96 %
Accuracy of truck : 91 %
2019-06-06 14:54:43,677 - root - INFO - [21, 500] loss: 0.358
2019-06-06 14:54:55,477 - root - INFO - [21, 1000] loss: 0.378
2019-06-06 14:55:07,398 - root - INFO - [21, 1500] loss: 0.377
2019-06-06 14:55:20,878 - root - INFO - [22, 500] loss: 0.361
2019-06-06 14:55:32,956 - root - INFO - [22, 1000] loss: 0.363
2019-06-06 14:55:44,717 - root - INFO - [22, 1500] loss: 0.370
2019-06-06 14:55:58,416 - root - INFO - [23, 500] loss: 0.350
2019-06-06 14:56:10,259 - root - INFO - [23, 1000] loss: 0.369
2019-06-06 14:56:22,253 - root - INFO - [23, 1500] loss: 0.360
2019-06-06 14:56:35,727 - root - INFO - [24, 500] loss: 0.341
2019-06-06 14:56:47,646 - root - INFO - [24, 1000] loss: 0.364
2019-06-06 14:56:59,788 - root - INFO - [24, 1500] loss: 0.370
2019-06-06 14:57:13,382 - root - INFO - [25, 500] loss: 0.329
2019-06-06 14:57:25,346 - root - INFO - [25, 1000] loss: 0.361
2019-06-06 14:57:37,115 - root - INFO - [25, 1500] loss: 0.366
2019-06-06 14:57:50,735 - root - INFO - [26, 500] loss: 0.335
2019-06-06 14:58:02,522 - root - INFO - [26, 1000] loss: 0.348
2019-06-06 14:58:14,359 - root - INFO - [26, 1500] loss: 0.348
2019-06-06 14:58:27,888 - root - INFO - [27, 500] loss: 0.330
2019-06-06 14:58:39,994 - root - INFO - [27, 1000] loss: 0.349
2019-06-06 14:58:51,925 - root - INFO - [27, 1500] loss: 0.344
2019-06-06 14:59:05,534 - root - INFO - [28, 500] loss: 0.334
2019-06-06 14:59:17,411 - root - INFO - [28, 1000] loss: 0.330
2019-06-06 14:59:29,341 - root - INFO - [28, 1500] loss: 0.352
2019-06-06 14:59:42,895 - root - INFO - [29, 500] loss: 0.328
2019-06-06 14:59:54,867 - root - INFO - [29, 1000] loss: 0.346
2019-06-06 15:00:06,679 - root - INFO - [29, 1500] loss: 0.346
2019-06-06 15:00:20,314 - root - INFO - [30, 500] loss: 0.323
2019-06-06 15:00:32,154 - root - INFO - [30, 1000] loss: 0.335
2019-06-06 15:00:44,045 - root - INFO - [30, 1500] loss: 0.349
Accuracy of the network on the 10000 test images: 0.877
Accuracy of plane : 87 %
Accuracy of   car : 91 %
Accuracy of  bird : 82 %
Accuracy of   cat : 79 %
Accuracy of  deer : 92 %
Accuracy of   dog : 78 %
Accuracy of  frog : 90 %
Accuracy of horse : 87 %
Accuracy of  ship : 91 %
Accuracy of truck : 96 %
2019-06-06 15:00:59,728 - root - INFO - [31, 500] loss: 0.323
2019-06-06 15:01:11,601 - root - INFO - [31, 1000] loss: 0.318
2019-06-06 15:01:23,374 - root - INFO - [31, 1500] loss: 0.347
2019-06-06 15:01:37,817 - root - INFO - [32, 500] loss: 0.308
2019-06-06 15:01:50,364 - root - INFO - [32, 1000] loss: 0.330
2019-06-06 15:02:02,555 - root - INFO - [32, 1500] loss: 0.338
2019-06-06 15:02:16,317 - root - INFO - [33, 500] loss: 0.310
2019-06-06 15:02:28,446 - root - INFO - [33, 1000] loss: 0.329
2019-06-06 15:02:40,741 - root - INFO - [33, 1500] loss: 0.327
2019-06-06 15:02:54,782 - root - INFO - [34, 500] loss: 0.307
2019-06-06 15:03:07,102 - root - INFO - [34, 1000] loss: 0.324
2019-06-06 15:03:19,034 - root - INFO - [34, 1500] loss: 0.321
2019-06-06 15:03:32,805 - root - INFO - [35, 500] loss: 0.305
2019-06-06 15:03:45,036 - root - INFO - [35, 1000] loss: 0.324
2019-06-06 15:03:56,953 - root - INFO - [35, 1500] loss: 0.321
2019-06-06 15:04:10,703 - root - INFO - [36, 500] loss: 0.305
2019-06-06 15:04:22,562 - root - INFO - [36, 1000] loss: 0.314
2019-06-06 15:04:34,399 - root - INFO - [36, 1500] loss: 0.315
2019-06-06 15:04:48,032 - root - INFO - [37, 500] loss: 0.305
2019-06-06 15:04:59,995 - root - INFO - [37, 1000] loss: 0.317
2019-06-06 15:05:12,119 - root - INFO - [37, 1500] loss: 0.306
2019-06-06 15:05:25,877 - root - INFO - [38, 500] loss: 0.295
2019-06-06 15:05:37,761 - root - INFO - [38, 1000] loss: 0.307
2019-06-06 15:05:49,580 - root - INFO - [38, 1500] loss: 0.321
2019-06-06 15:06:03,435 - root - INFO - [39, 500] loss: 0.304
2019-06-06 15:06:16,068 - root - INFO - [39, 1000] loss: 0.308
2019-06-06 15:06:28,667 - root - INFO - [39, 1500] loss: 0.307
2019-06-06 15:06:42,976 - root - INFO - [40, 500] loss: 0.284
2019-06-06 15:06:55,555 - root - INFO - [40, 1000] loss: 0.297
2019-06-06 15:07:08,227 - root - INFO - [40, 1500] loss: 0.313
Accuracy of the network on the 10000 test images: 0.885
Accuracy of plane : 86 %
Accuracy of   car : 98 %
Accuracy of  bird : 89 %
Accuracy of   cat : 75 %
Accuracy of  deer : 84 %
Accuracy of   dog : 87 %
Accuracy of  frog : 92 %
Accuracy of horse : 89 %
Accuracy of  ship : 88 %
Accuracy of truck : 92 %
2019-06-06 15:07:24,672 - root - INFO - [41, 500] loss: 0.287
2019-06-06 15:07:36,781 - root - INFO - [41, 1000] loss: 0.300
2019-06-06 15:07:49,290 - root - INFO - [41, 1500] loss: 0.316
2019-06-06 15:08:03,572 - root - INFO - [42, 500] loss: 0.281
2019-06-06 15:08:16,232 - root - INFO - [42, 1000] loss: 0.296
2019-06-06 15:08:29,060 - root - INFO - [42, 1500] loss: 0.302
2019-06-06 15:08:43,086 - root - INFO - [43, 500] loss: 0.282
2019-06-06 15:08:55,559 - root - INFO - [43, 1000] loss: 0.293
2019-06-06 15:09:08,107 - root - INFO - [43, 1500] loss: 0.298
2019-06-06 15:09:22,300 - root - INFO - [44, 500] loss: 0.266
2019-06-06 15:09:34,829 - root - INFO - [44, 1000] loss: 0.296
2019-06-06 15:09:47,331 - root - INFO - [44, 1500] loss: 0.303
2019-06-06 15:10:01,740 - root - INFO - [45, 500] loss: 0.275
2019-06-06 15:10:13,995 - root - INFO - [45, 1000] loss: 0.287
2019-06-06 15:10:26,031 - root - INFO - [45, 1500] loss: 0.310
2019-06-06 15:10:39,488 - root - INFO - [46, 500] loss: 0.278
2019-06-06 15:10:51,551 - root - INFO - [46, 1000] loss: 0.293
2019-06-06 15:11:03,576 - root - INFO - [46, 1500] loss: 0.289
2019-06-06 15:11:17,043 - root - INFO - [47, 500] loss: 0.274
2019-06-06 15:11:28,806 - root - INFO - [47, 1000] loss: 0.279
2019-06-06 15:11:40,590 - root - INFO - [47, 1500] loss: 0.292
2019-06-06 15:11:54,462 - root - INFO - [48, 500] loss: 0.272
2019-06-06 15:12:06,593 - root - INFO - [48, 1000] loss: 0.274
2019-06-06 15:12:18,816 - root - INFO - [48, 1500] loss: 0.288
2019-06-06 15:12:32,587 - root - INFO - [49, 500] loss: 0.264
2019-06-06 15:12:44,518 - root - INFO - [49, 1000] loss: 0.284
2019-06-06 15:12:56,515 - root - INFO - [49, 1500] loss: 0.280
2019-06-06 15:13:10,355 - root - INFO - [50, 500] loss: 0.268
2019-06-06 15:13:22,193 - root - INFO - [50, 1000] loss: 0.276
2019-06-06 15:13:34,065 - root - INFO - [50, 1500] loss: 0.280
Accuracy of the network on the 10000 test images: 0.875
Accuracy of plane : 83 %
Accuracy of   car : 94 %
Accuracy of  bird : 78 %
Accuracy of   cat : 73 %
Accuracy of  deer : 88 %
Accuracy of   dog : 88 %
Accuracy of  frog : 91 %
Accuracy of horse : 90 %
Accuracy of  ship : 92 %
Accuracy of truck : 95 %
2019-06-06 15:13:49,861 - root - INFO - [51, 500] loss: 0.267
2019-06-06 15:14:01,827 - root - INFO - [51, 1000] loss: 0.270
2019-06-06 15:14:14,078 - root - INFO - [51, 1500] loss: 0.277
2019-06-06 15:14:27,730 - root - INFO - [52, 500] loss: 0.258
2019-06-06 15:14:39,702 - root - INFO - [52, 1000] loss: 0.268
2019-06-06 15:14:51,529 - root - INFO - [52, 1500] loss: 0.282
2019-06-06 15:15:04,958 - root - INFO - [53, 500] loss: 0.260
2019-06-06 15:15:16,776 - root - INFO - [53, 1000] loss: 0.273
2019-06-06 15:15:29,159 - root - INFO - [53, 1500] loss: 0.281
2019-06-06 15:15:43,155 - root - INFO - [54, 500] loss: 0.253
2019-06-06 15:15:54,836 - root - INFO - [54, 1000] loss: 0.272
2019-06-06 15:16:06,650 - root - INFO - [54, 1500] loss: 0.273
2019-06-06 15:16:20,205 - root - INFO - [55, 500] loss: 0.254
2019-06-06 15:16:32,591 - root - INFO - [55, 1000] loss: 0.270
2019-06-06 15:16:45,092 - root - INFO - [55, 1500] loss: 0.272
2019-06-06 15:16:59,095 - root - INFO - [56, 500] loss: 0.249
2019-06-06 15:17:11,483 - root - INFO - [56, 1000] loss: 0.263
2019-06-06 15:17:23,862 - root - INFO - [56, 1500] loss: 0.275
2019-06-06 15:17:37,938 - root - INFO - [57, 500] loss: 0.248
2019-06-06 15:17:50,394 - root - INFO - [57, 1000] loss: 0.255
2019-06-06 15:18:02,201 - root - INFO - [57, 1500] loss: 0.271
2019-06-06 15:18:16,150 - root - INFO - [58, 500] loss: 0.256
2019-06-06 15:18:27,982 - root - INFO - [58, 1000] loss: 0.261
2019-06-06 15:18:40,112 - root - INFO - [58, 1500] loss: 0.266
2019-06-06 15:18:54,003 - root - INFO - [59, 500] loss: 0.247
2019-06-06 15:19:06,354 - root - INFO - [59, 1000] loss: 0.260
2019-06-06 15:19:18,286 - root - INFO - [59, 1500] loss: 0.272
2019-06-06 15:19:31,889 - root - INFO - [60, 500] loss: 0.240
2019-06-06 15:19:43,931 - root - INFO - [60, 1000] loss: 0.251
2019-06-06 15:19:55,861 - root - INFO - [60, 1500] loss: 0.262
Accuracy of the network on the 10000 test images: 0.871
Accuracy of plane : 84 %
Accuracy of   car : 99 %
Accuracy of  bird : 79 %
Accuracy of   cat : 77 %
Accuracy of  deer : 93 %
Accuracy of   dog : 81 %
Accuracy of  frog : 93 %
Accuracy of horse : 82 %
Accuracy of  ship : 90 %
Accuracy of truck : 91 %
2019-06-06 15:20:11,902 - root - INFO - [61, 500] loss: 0.226
2019-06-06 15:20:23,820 - root - INFO - [61, 1000] loss: 0.257
2019-06-06 15:20:35,573 - root - INFO - [61, 1500] loss: 0.255
2019-06-06 15:20:49,002 - root - INFO - [62, 500] loss: 0.240
2019-06-06 15:21:01,066 - root - INFO - [62, 1000] loss: 0.258
2019-06-06 15:21:13,612 - root - INFO - [62, 1500] loss: 0.257
2019-06-06 15:21:28,177 - root - INFO - [63, 500] loss: 0.238
2019-06-06 15:21:40,408 - root - INFO - [63, 1000] loss: 0.247
2019-06-06 15:21:52,229 - root - INFO - [63, 1500] loss: 0.250
2019-06-06 15:22:05,717 - root - INFO - [64, 500] loss: 0.231
2019-06-06 15:22:17,488 - root - INFO - [64, 1000] loss: 0.250
2019-06-06 15:22:29,236 - root - INFO - [64, 1500] loss: 0.253
2019-06-06 15:22:42,653 - root - INFO - [65, 500] loss: 0.229
2019-06-06 15:22:54,482 - root - INFO - [65, 1000] loss: 0.256
2019-06-06 15:23:06,521 - root - INFO - [65, 1500] loss: 0.250
2019-06-06 15:23:20,690 - root - INFO - [66, 500] loss: 0.222
2019-06-06 15:23:32,661 - root - INFO - [66, 1000] loss: 0.244
2019-06-06 15:23:44,697 - root - INFO - [66, 1500] loss: 0.243
2019-06-06 15:23:58,740 - root - INFO - [67, 500] loss: 0.232
2019-06-06 15:24:10,788 - root - INFO - [67, 1000] loss: 0.237
2019-06-06 15:24:22,662 - root - INFO - [67, 1500] loss: 0.243
2019-06-06 15:24:36,194 - root - INFO - [68, 500] loss: 0.226
2019-06-06 15:24:48,081 - root - INFO - [68, 1000] loss: 0.238
2019-06-06 15:24:59,904 - root - INFO - [68, 1500] loss: 0.254
2019-06-06 15:25:13,584 - root - INFO - [69, 500] loss: 0.226
2019-06-06 15:25:25,390 - root - INFO - [69, 1000] loss: 0.228
2019-06-06 15:25:37,366 - root - INFO - [69, 1500] loss: 0.248
2019-06-06 15:25:50,935 - root - INFO - [70, 500] loss: 0.221
2019-06-06 15:26:02,858 - root - INFO - [70, 1000] loss: 0.237
2019-06-06 15:26:14,841 - root - INFO - [70, 1500] loss: 0.232
Accuracy of the network on the 10000 test images: 0.874
Accuracy of plane : 83 %
Accuracy of   car : 94 %
Accuracy of  bird : 84 %
Accuracy of   cat : 77 %
Accuracy of  deer : 84 %
Accuracy of   dog : 75 %
Accuracy of  frog : 90 %
Accuracy of horse : 91 %
Accuracy of  ship : 94 %
Accuracy of truck : 97 %
2019-06-06 15:26:30,484 - root - INFO - [71, 500] loss: 0.226
2019-06-06 15:26:42,501 - root - INFO - [71, 1000] loss: 0.229
2019-06-06 15:26:54,324 - root - INFO - [71, 1500] loss: 0.236
2019-06-06 15:27:07,767 - root - INFO - [72, 500] loss: 0.217
2019-06-06 15:27:19,756 - root - INFO - [72, 1000] loss: 0.226
2019-06-06 15:27:32,546 - root - INFO - [72, 1500] loss: 0.247
2019-06-06 15:27:46,418 - root - INFO - [73, 500] loss: 0.207
2019-06-06 15:27:58,295 - root - INFO - [73, 1000] loss: 0.231
2019-06-06 15:28:10,151 - root - INFO - [73, 1500] loss: 0.239
2019-06-06 15:28:23,764 - root - INFO - [74, 500] loss: 0.222
2019-06-06 15:28:36,138 - root - INFO - [74, 1000] loss: 0.224
2019-06-06 15:28:48,933 - root - INFO - [74, 1500] loss: 0.223
2019-06-06 15:29:03,697 - root - INFO - [75, 500] loss: 0.217
2019-06-06 15:29:16,529 - root - INFO - [75, 1000] loss: 0.228
2019-06-06 15:29:29,589 - root - INFO - [75, 1500] loss: 0.226
2019-06-06 15:29:44,232 - root - INFO - [76, 500] loss: 0.210
2019-06-06 15:29:56,721 - root - INFO - [76, 1000] loss: 0.225
2019-06-06 15:30:09,264 - root - INFO - [76, 1500] loss: 0.222
2019-06-06 15:30:23,553 - root - INFO - [77, 500] loss: 0.208
2019-06-06 15:30:35,804 - root - INFO - [77, 1000] loss: 0.213
2019-06-06 15:30:48,376 - root - INFO - [77, 1500] loss: 0.232
2019-06-06 15:31:02,823 - root - INFO - [78, 500] loss: 0.202
2019-06-06 15:31:15,519 - root - INFO - [78, 1000] loss: 0.221
2019-06-06 15:31:28,185 - root - INFO - [78, 1500] loss: 0.217
2019-06-06 15:31:42,709 - root - INFO - [79, 500] loss: 0.206
2019-06-06 15:31:55,280 - root - INFO - [79, 1000] loss: 0.209
2019-06-06 15:32:08,003 - root - INFO - [79, 1500] loss: 0.225
2019-06-06 15:32:22,243 - root - INFO - [80, 500] loss: 0.202
2019-06-06 15:32:34,573 - root - INFO - [80, 1000] loss: 0.213
2019-06-06 15:32:46,562 - root - INFO - [80, 1500] loss: 0.228
Accuracy of the network on the 10000 test images: 0.883
Accuracy of plane : 85 %
Accuracy of   car : 97 %
Accuracy of  bird : 85 %
Accuracy of   cat : 65 %
Accuracy of  deer : 88 %
Accuracy of   dog : 90 %
Accuracy of  frog : 91 %
Accuracy of horse : 93 %
Accuracy of  ship : 92 %
Accuracy of truck : 94 %
2019-06-06 15:33:02,286 - root - INFO - [81, 500] loss: 0.202
2019-06-06 15:33:14,133 - root - INFO - [81, 1000] loss: 0.219
2019-06-06 15:33:26,034 - root - INFO - [81, 1500] loss: 0.217
2019-06-06 15:33:39,629 - root - INFO - [82, 500] loss: 0.196
2019-06-06 15:33:51,805 - root - INFO - [82, 1000] loss: 0.200
2019-06-06 15:34:03,878 - root - INFO - [82, 1500] loss: 0.220
2019-06-06 15:34:17,489 - root - INFO - [83, 500] loss: 0.193
2019-06-06 15:34:29,236 - root - INFO - [83, 1000] loss: 0.206
2019-06-06 15:34:41,079 - root - INFO - [83, 1500] loss: 0.208
2019-06-06 15:34:55,052 - root - INFO - [84, 500] loss: 0.188
2019-06-06 15:35:06,948 - root - INFO - [84, 1000] loss: 0.197
2019-06-06 15:35:18,725 - root - INFO - [84, 1500] loss: 0.207
2019-06-06 15:35:32,130 - root - INFO - [85, 500] loss: 0.196
2019-06-06 15:35:44,050 - root - INFO - [85, 1000] loss: 0.201
2019-06-06 15:35:55,876 - root - INFO - [85, 1500] loss: 0.202
2019-06-06 15:36:09,589 - root - INFO - [86, 500] loss: 0.185
2019-06-06 15:36:21,607 - root - INFO - [86, 1000] loss: 0.198
2019-06-06 15:36:33,835 - root - INFO - [86, 1500] loss: 0.207
2019-06-06 15:36:51,524 - root - INFO - [87, 500] loss: 0.183
2019-06-06 15:37:03,778 - root - INFO - [87, 1000] loss: 0.201
2019-06-06 15:37:17,270 - root - INFO - [87, 1500] loss: 0.203
2019-06-06 15:37:43,650 - root - INFO - [88, 500] loss: 0.180
2019-06-06 15:38:06,964 - root - INFO - [88, 1000] loss: 0.204
2019-06-06 15:38:29,560 - root - INFO - [88, 1500] loss: 0.206
2019-06-06 15:38:47,699 - root - INFO - [89, 500] loss: 0.182
2019-06-06 15:39:11,240 - root - INFO - [89, 1000] loss: 0.189
2019-06-06 15:39:34,981 - root - INFO - [89, 1500] loss: 0.204
2019-06-06 15:40:01,828 - root - INFO - [90, 500] loss: 0.178
2019-06-06 15:40:25,347 - root - INFO - [90, 1000] loss: 0.184
2019-06-06 15:40:49,101 - root - INFO - [90, 1500] loss: 0.200
Accuracy of the network on the 10000 test images: 0.884
Accuracy of plane : 89 %
Accuracy of   car : 96 %
Accuracy of  bird : 90 %
Accuracy of   cat : 66 %
Accuracy of  deer : 87 %
Accuracy of   dog : 83 %
Accuracy of  frog : 91 %
Accuracy of horse : 93 %
Accuracy of  ship : 90 %
Accuracy of truck : 94 %
2019-06-06 15:41:12,682 - root - INFO - [91, 500] loss: 0.173
2019-06-06 15:41:24,629 - root - INFO - [91, 1000] loss: 0.195
2019-06-06 15:41:36,655 - root - INFO - [91, 1500] loss: 0.192
2019-06-06 15:41:50,175 - root - INFO - [92, 500] loss: 0.176
2019-06-06 15:42:02,336 - root - INFO - [92, 1000] loss: 0.182
2019-06-06 15:42:14,705 - root - INFO - [92, 1500] loss: 0.194
2019-06-06 15:42:28,730 - root - INFO - [93, 500] loss: 0.168
2019-06-06 15:42:40,806 - root - INFO - [93, 1000] loss: 0.184
2019-06-06 15:42:52,937 - root - INFO - [93, 1500] loss: 0.183
2019-06-06 15:43:06,894 - root - INFO - [94, 500] loss: 0.166
2019-06-06 15:43:18,938 - root - INFO - [94, 1000] loss: 0.176
2019-06-06 15:43:31,003 - root - INFO - [94, 1500] loss: 0.193
2019-06-06 15:43:44,688 - root - INFO - [95, 500] loss: 0.164
2019-06-06 15:43:56,748 - root - INFO - [95, 1000] loss: 0.182
2019-06-06 15:44:09,001 - root - INFO - [95, 1500] loss: 0.182
2019-06-06 15:44:22,480 - root - INFO - [96, 500] loss: 0.159
2019-06-06 15:44:34,256 - root - INFO - [96, 1000] loss: 0.181
2019-06-06 15:44:46,216 - root - INFO - [96, 1500] loss: 0.179
2019-06-06 15:44:59,744 - root - INFO - [97, 500] loss: 0.158
2019-06-06 15:45:11,542 - root - INFO - [97, 1000] loss: 0.170
2019-06-06 15:45:23,527 - root - INFO - [97, 1500] loss: 0.183
2019-06-06 15:45:37,073 - root - INFO - [98, 500] loss: 0.152
2019-06-06 15:45:49,317 - root - INFO - [98, 1000] loss: 0.171
2019-06-06 15:46:01,359 - root - INFO - [98, 1500] loss: 0.172
2019-06-06 15:46:15,033 - root - INFO - [99, 500] loss: 0.150
2019-06-06 15:46:27,039 - root - INFO - [99, 1000] loss: 0.170
2019-06-06 15:46:38,967 - root - INFO - [99, 1500] loss: 0.174
2019-06-06 15:46:52,497 - root - INFO - [100, 500] loss: 0.155
2019-06-06 15:47:12,819 - root - INFO - [100, 1000] loss: 0.171
2019-06-06 15:47:36,255 - root - INFO - [100, 1500] loss: 0.176
Accuracy of the network on the 10000 test images: 0.907
Accuracy of plane : 93 %
Accuracy of   car : 90 %
Accuracy of  bird : 86 %
Accuracy of   cat : 88 %
Accuracy of  deer : 90 %
Accuracy of   dog : 80 %
Accuracy of  frog : 91 %
Accuracy of horse : 95 %
Accuracy of  ship : 92 %
Accuracy of truck : 96 %
2019-06-06 15:48:07,098 - root - INFO - [101, 500] loss: 0.152
2019-06-06 15:48:21,359 - root - INFO - [101, 1000] loss: 0.161
2019-06-06 15:48:42,822 - root - INFO - [101, 1500] loss: 0.167
2019-06-06 15:49:09,407 - root - INFO - [102, 500] loss: 0.151
2019-06-06 15:49:33,097 - root - INFO - [102, 1000] loss: 0.163
2019-06-06 15:49:48,691 - root - INFO - [102, 1500] loss: 0.162
2019-06-06 15:50:14,385 - root - INFO - [103, 500] loss: 0.149
2019-06-06 15:50:37,894 - root - INFO - [103, 1000] loss: 0.155
2019-06-06 15:51:01,648 - root - INFO - [103, 1500] loss: 0.172
2019-06-06 15:51:28,259 - root - INFO - [104, 500] loss: 0.148
2019-06-06 15:51:52,080 - root - INFO - [104, 1000] loss: 0.153
2019-06-06 15:52:15,621 - root - INFO - [104, 1500] loss: 0.159
2019-06-06 15:52:42,286 - root - INFO - [105, 500] loss: 0.144
2019-06-06 15:53:06,356 - root - INFO - [105, 1000] loss: 0.154
2019-06-06 15:53:30,095 - root - INFO - [105, 1500] loss: 0.166
2019-06-06 15:53:56,919 - root - INFO - [106, 500] loss: 0.135
2019-06-06 15:54:20,700 - root - INFO - [106, 1000] loss: 0.148
2019-06-06 15:54:44,247 - root - INFO - [106, 1500] loss: 0.163
2019-06-06 15:55:11,400 - root - INFO - [107, 500] loss: 0.132
2019-06-06 15:55:35,152 - root - INFO - [107, 1000] loss: 0.152
2019-06-06 15:55:59,061 - root - INFO - [107, 1500] loss: 0.160
2019-06-06 15:56:25,852 - root - INFO - [108, 500] loss: 0.133
2019-06-06 15:56:49,297 - root - INFO - [108, 1000] loss: 0.143
2019-06-06 15:57:12,729 - root - INFO - [108, 1500] loss: 0.144
2019-06-06 15:57:39,301 - root - INFO - [109, 500] loss: 0.130
2019-06-06 15:58:02,830 - root - INFO - [109, 1000] loss: 0.147
2019-06-06 15:58:26,307 - root - INFO - [109, 1500] loss: 0.146
2019-06-06 15:58:53,050 - root - INFO - [110, 500] loss: 0.130
2019-06-06 15:59:13,659 - root - INFO - [110, 1000] loss: 0.135
2019-06-06 15:59:25,561 - root - INFO - [110, 1500] loss: 0.139
Accuracy of the network on the 10000 test images: 0.903
Accuracy of plane : 84 %
Accuracy of   car : 98 %
Accuracy of  bird : 84 %
Accuracy of   cat : 86 %
Accuracy of  deer : 89 %
Accuracy of   dog : 83 %
Accuracy of  frog : 91 %
Accuracy of horse : 97 %
Accuracy of  ship : 92 %
Accuracy of truck : 94 %
2019-06-06 15:59:41,055 - root - INFO - [111, 500] loss: 0.121
2019-06-06 15:59:52,962 - root - INFO - [111, 1000] loss: 0.141
2019-06-06 16:00:04,750 - root - INFO - [111, 1500] loss: 0.146
2019-06-06 16:00:18,734 - root - INFO - [112, 500] loss: 0.127
2019-06-06 16:00:30,848 - root - INFO - [112, 1000] loss: 0.137
2019-06-06 16:00:43,489 - root - INFO - [112, 1500] loss: 0.139
2019-06-06 16:00:57,007 - root - INFO - [113, 500] loss: 0.124
2019-06-06 16:01:08,910 - root - INFO - [113, 1000] loss: 0.128
2019-06-06 16:01:20,774 - root - INFO - [113, 1500] loss: 0.138
2019-06-06 16:01:34,670 - root - INFO - [114, 500] loss: 0.131
2019-06-06 16:01:46,878 - root - INFO - [114, 1000] loss: 0.128
2019-06-06 16:01:58,780 - root - INFO - [114, 1500] loss: 0.136
2019-06-06 16:02:12,241 - root - INFO - [115, 500] loss: 0.119
2019-06-06 16:02:24,055 - root - INFO - [115, 1000] loss: 0.132
2019-06-06 16:02:35,965 - root - INFO - [115, 1500] loss: 0.125
2019-06-06 16:02:49,483 - root - INFO - [116, 500] loss: 0.118
2019-06-06 16:03:01,336 - root - INFO - [116, 1000] loss: 0.117
2019-06-06 16:03:13,452 - root - INFO - [116, 1500] loss: 0.126
2019-06-06 16:03:27,381 - root - INFO - [117, 500] loss: 0.115
2019-06-06 16:03:39,345 - root - INFO - [117, 1000] loss: 0.121
2019-06-06 16:03:51,696 - root - INFO - [117, 1500] loss: 0.120
2019-06-06 16:04:05,215 - root - INFO - [118, 500] loss: 0.113
2019-06-06 16:04:17,036 - root - INFO - [118, 1000] loss: 0.118
2019-06-06 16:04:28,874 - root - INFO - [118, 1500] loss: 0.131
2019-06-06 16:04:42,564 - root - INFO - [119, 500] loss: 0.108
2019-06-06 16:04:54,745 - root - INFO - [119, 1000] loss: 0.117
2019-06-06 16:05:06,768 - root - INFO - [119, 1500] loss: 0.120
2019-06-06 16:05:20,395 - root - INFO - [120, 500] loss: 0.108
2019-06-06 16:05:32,304 - root - INFO - [120, 1000] loss: 0.115
2019-06-06 16:05:44,366 - root - INFO - [120, 1500] loss: 0.122
Accuracy of the network on the 10000 test images: 0.900
Accuracy of plane : 83 %
Accuracy of   car : 98 %
Accuracy of  bird : 86 %
Accuracy of   cat : 80 %
Accuracy of  deer : 90 %
Accuracy of   dog : 87 %
Accuracy of  frog : 91 %
Accuracy of horse : 93 %
Accuracy of  ship : 96 %
Accuracy of truck : 93 %
2019-06-06 16:06:00,489 - root - INFO - [121, 500] loss: 0.102
2019-06-06 16:06:12,417 - root - INFO - [121, 1000] loss: 0.107
2019-06-06 16:06:24,273 - root - INFO - [121, 1500] loss: 0.124
2019-06-06 16:06:37,706 - root - INFO - [122, 500] loss: 0.097
2019-06-06 16:06:49,549 - root - INFO - [122, 1000] loss: 0.116
2019-06-06 16:07:01,445 - root - INFO - [122, 1500] loss: 0.113
2019-06-06 16:07:14,951 - root - INFO - [123, 500] loss: 0.097
2019-06-06 16:07:26,802 - root - INFO - [123, 1000] loss: 0.105
2019-06-06 16:07:38,608 - root - INFO - [123, 1500] loss: 0.114
2019-06-06 16:07:52,017 - root - INFO - [124, 500] loss: 0.103
2019-06-06 16:08:03,804 - root - INFO - [124, 1000] loss: 0.100
2019-06-06 16:08:15,626 - root - INFO - [124, 1500] loss: 0.100
2019-06-06 16:08:29,161 - root - INFO - [125, 500] loss: 0.090
2019-06-06 16:08:40,981 - root - INFO - [125, 1000] loss: 0.103
2019-06-06 16:08:52,800 - root - INFO - [125, 1500] loss: 0.104
2019-06-06 16:09:06,259 - root - INFO - [126, 500] loss: 0.081
2019-06-06 16:09:18,090 - root - INFO - [126, 1000] loss: 0.094
2019-06-06 16:09:29,922 - root - INFO - [126, 1500] loss: 0.101
2019-06-06 16:09:43,411 - root - INFO - [127, 500] loss: 0.085
2019-06-06 16:09:55,252 - root - INFO - [127, 1000] loss: 0.096
2019-06-06 16:10:07,151 - root - INFO - [127, 1500] loss: 0.103
2019-06-06 16:10:20,579 - root - INFO - [128, 500] loss: 0.089
2019-06-06 16:10:32,465 - root - INFO - [128, 1000] loss: 0.098
2019-06-06 16:10:44,270 - root - INFO - [128, 1500] loss: 0.093
2019-06-06 16:10:57,788 - root - INFO - [129, 500] loss: 0.090
2019-06-06 16:11:09,576 - root - INFO - [129, 1000] loss: 0.084
2019-06-06 16:11:21,400 - root - INFO - [129, 1500] loss: 0.093
2019-06-06 16:11:34,837 - root - INFO - [130, 500] loss: 0.076
2019-06-06 16:11:46,685 - root - INFO - [130, 1000] loss: 0.088
2019-06-06 16:11:58,496 - root - INFO - [130, 1500] loss: 0.090
Accuracy of the network on the 10000 test images: 0.905
Accuracy of plane : 90 %
Accuracy of   car : 97 %
Accuracy of  bird : 87 %
Accuracy of   cat : 86 %
Accuracy of  deer : 90 %
Accuracy of   dog : 80 %
Accuracy of  frog : 93 %
Accuracy of horse : 89 %
Accuracy of  ship : 96 %
Accuracy of truck : 94 %
2019-06-06 16:12:14,106 - root - INFO - [131, 500] loss: 0.077
2019-06-06 16:12:25,899 - root - INFO - [131, 1000] loss: 0.078
2019-06-06 16:12:37,705 - root - INFO - [131, 1500] loss: 0.089
2019-06-06 16:12:51,140 - root - INFO - [132, 500] loss: 0.079
2019-06-06 16:13:03,178 - root - INFO - [132, 1000] loss: 0.088
2019-06-06 16:13:15,364 - root - INFO - [132, 1500] loss: 0.080
2019-06-06 16:13:29,032 - root - INFO - [133, 500] loss: 0.081
2019-06-06 16:13:41,033 - root - INFO - [133, 1000] loss: 0.073
2019-06-06 16:13:53,022 - root - INFO - [133, 1500] loss: 0.077
2019-06-06 16:14:06,681 - root - INFO - [134, 500] loss: 0.067
2019-06-06 16:14:18,729 - root - INFO - [134, 1000] loss: 0.067
2019-06-06 16:14:30,403 - root - INFO - [134, 1500] loss: 0.077
2019-06-06 16:14:43,956 - root - INFO - [135, 500] loss: 0.079
2019-06-06 16:14:55,822 - root - INFO - [135, 1000] loss: 0.075
2019-06-06 16:15:07,685 - root - INFO - [135, 1500] loss: 0.074
2019-06-06 16:15:21,297 - root - INFO - [136, 500] loss: 0.076
2019-06-06 16:15:33,186 - root - INFO - [136, 1000] loss: 0.077
2019-06-06 16:15:45,182 - root - INFO - [136, 1500] loss: 0.075
2019-06-06 16:15:58,891 - root - INFO - [137, 500] loss: 0.064
2019-06-06 16:16:11,040 - root - INFO - [137, 1000] loss: 0.068
2019-06-06 16:16:23,200 - root - INFO - [137, 1500] loss: 0.071
2019-06-06 16:16:36,779 - root - INFO - [138, 500] loss: 0.058
2019-06-06 16:16:48,747 - root - INFO - [138, 1000] loss: 0.067
2019-06-06 16:17:01,074 - root - INFO - [138, 1500] loss: 0.068
2019-06-06 16:17:15,174 - root - INFO - [139, 500] loss: 0.058
2019-06-06 16:17:27,217 - root - INFO - [139, 1000] loss: 0.064
2019-06-06 16:17:39,550 - root - INFO - [139, 1500] loss: 0.068
2019-06-06 16:17:53,578 - root - INFO - [140, 500] loss: 0.054
2019-06-06 16:18:05,453 - root - INFO - [140, 1000] loss: 0.059
2019-06-06 16:18:17,391 - root - INFO - [140, 1500] loss: 0.065
Accuracy of the network on the 10000 test images: 0.917
Accuracy of plane : 90 %
Accuracy of   car : 97 %
Accuracy of  bird : 85 %
Accuracy of   cat : 77 %
Accuracy of  deer : 91 %
Accuracy of   dog : 93 %
Accuracy of  frog : 95 %
Accuracy of horse : 93 %
Accuracy of  ship : 95 %
Accuracy of truck : 97 %
2019-06-06 16:18:33,324 - root - INFO - [141, 500] loss: 0.056
2019-06-06 16:18:45,572 - root - INFO - [141, 1000] loss: 0.057
2019-06-06 16:18:57,938 - root - INFO - [141, 1500] loss: 0.071
2019-06-06 16:19:11,744 - root - INFO - [142, 500] loss: 0.053
2019-06-06 16:19:23,847 - root - INFO - [142, 1000] loss: 0.052
2019-06-06 16:19:35,665 - root - INFO - [142, 1500] loss: 0.053
2019-06-06 16:19:49,208 - root - INFO - [143, 500] loss: 0.048
2019-06-06 16:20:01,117 - root - INFO - [143, 1000] loss: 0.053
2019-06-06 16:20:12,942 - root - INFO - [143, 1500] loss: 0.064
2019-06-06 16:20:26,495 - root - INFO - [144, 500] loss: 0.042
2019-06-06 16:20:38,397 - root - INFO - [144, 1000] loss: 0.051
2019-06-06 16:20:50,254 - root - INFO - [144, 1500] loss: 0.049
2019-06-06 16:21:03,720 - root - INFO - [145, 500] loss: 0.042
2019-06-06 16:21:15,559 - root - INFO - [145, 1000] loss: 0.046
2019-06-06 16:21:27,332 - root - INFO - [145, 1500] loss: 0.051
2019-06-06 16:21:40,767 - root - INFO - [146, 500] loss: 0.048
2019-06-06 16:21:52,702 - root - INFO - [146, 1000] loss: 0.044
2019-06-06 16:22:04,835 - root - INFO - [146, 1500] loss: 0.042
2019-06-06 16:22:18,465 - root - INFO - [147, 500] loss: 0.037
2019-06-06 16:22:30,523 - root - INFO - [147, 1000] loss: 0.036
2019-06-06 16:22:42,422 - root - INFO - [147, 1500] loss: 0.046
2019-06-06 16:22:56,189 - root - INFO - [148, 500] loss: 0.034
2019-06-06 16:23:08,331 - root - INFO - [148, 1000] loss: 0.047
2019-06-06 16:23:20,374 - root - INFO - [148, 1500] loss: 0.045
2019-06-06 16:23:34,064 - root - INFO - [149, 500] loss: 0.044
2019-06-06 16:23:45,903 - root - INFO - [149, 1000] loss: 0.042
2019-06-06 16:23:57,656 - root - INFO - [149, 1500] loss: 0.037
2019-06-06 16:24:11,122 - root - INFO - [150, 500] loss: 0.038
2019-06-06 16:24:23,097 - root - INFO - [150, 1000] loss: 0.037
2019-06-06 16:24:34,984 - root - INFO - [150, 1500] loss: 0.041
Accuracy of the network on the 10000 test images: 0.931
Accuracy of plane : 92 %
Accuracy of   car : 97 %
Accuracy of  bird : 86 %
Accuracy of   cat : 82 %
Accuracy of  deer : 96 %
Accuracy of   dog : 95 %
Accuracy of  frog : 93 %
Accuracy of horse : 93 %
Accuracy of  ship : 96 %
Accuracy of truck : 97 %
2019-06-06 16:24:50,694 - root - INFO - [151, 500] loss: 0.031
2019-06-06 16:25:02,490 - root - INFO - [151, 1000] loss: 0.035
2019-06-06 16:25:14,457 - root - INFO - [151, 1500] loss: 0.033
2019-06-06 16:25:28,071 - root - INFO - [152, 500] loss: 0.031
2019-06-06 16:25:40,029 - root - INFO - [152, 1000] loss: 0.031
2019-06-06 16:25:51,884 - root - INFO - [152, 1500] loss: 0.031
2019-06-06 16:26:05,368 - root - INFO - [153, 500] loss: 0.031
2019-06-06 16:26:17,599 - root - INFO - [153, 1000] loss: 0.028
2019-06-06 16:26:29,630 - root - INFO - [153, 1500] loss: 0.028
2019-06-06 16:26:43,087 - root - INFO - [154, 500] loss: 0.025
2019-06-06 16:26:55,229 - root - INFO - [154, 1000] loss: 0.029
2019-06-06 16:27:07,166 - root - INFO - [154, 1500] loss: 0.030
2019-06-06 16:27:20,935 - root - INFO - [155, 500] loss: 0.022
2019-06-06 16:27:33,266 - root - INFO - [155, 1000] loss: 0.025
2019-06-06 16:27:45,302 - root - INFO - [155, 1500] loss: 0.019
2019-06-06 16:27:58,844 - root - INFO - [156, 500] loss: 0.020
2019-06-06 16:28:10,832 - root - INFO - [156, 1000] loss: 0.021
2019-06-06 16:28:22,926 - root - INFO - [156, 1500] loss: 0.026
2019-06-06 16:28:36,782 - root - INFO - [157, 500] loss: 0.020
2019-06-06 16:28:48,763 - root - INFO - [157, 1000] loss: 0.020
2019-06-06 16:29:00,887 - root - INFO - [157, 1500] loss: 0.023
2019-06-06 16:29:14,929 - root - INFO - [158, 500] loss: 0.023
2019-06-06 16:29:27,042 - root - INFO - [158, 1000] loss: 0.021
2019-06-06 16:29:38,815 - root - INFO - [158, 1500] loss: 0.022
2019-06-06 16:29:52,268 - root - INFO - [159, 500] loss: 0.018
2019-06-06 16:30:04,266 - root - INFO - [159, 1000] loss: 0.017
2019-06-06 16:30:16,303 - root - INFO - [159, 1500] loss: 0.017
2019-06-06 16:30:30,187 - root - INFO - [160, 500] loss: 0.018
2019-06-06 16:30:42,101 - root - INFO - [160, 1000] loss: 0.016
2019-06-06 16:30:54,155 - root - INFO - [160, 1500] loss: 0.015
Accuracy of the network on the 10000 test images: 0.932
Accuracy of plane : 93 %
Accuracy of   car : 95 %
Accuracy of  bird : 88 %
Accuracy of   cat : 87 %
Accuracy of  deer : 93 %
Accuracy of   dog : 92 %
Accuracy of  frog : 94 %
Accuracy of horse : 94 %
Accuracy of  ship : 94 %
Accuracy of truck : 97 %
2019-06-06 16:31:09,922 - root - INFO - [161, 500] loss: 0.018
2019-06-06 16:31:21,984 - root - INFO - [161, 1000] loss: 0.020
2019-06-06 16:31:34,178 - root - INFO - [161, 1500] loss: 0.018
2019-06-06 16:31:48,360 - root - INFO - [162, 500] loss: 0.018
2019-06-06 16:32:01,048 - root - INFO - [162, 1000] loss: 0.014
2019-06-06 16:32:13,472 - root - INFO - [162, 1500] loss: 0.017
2019-06-06 16:32:26,975 - root - INFO - [163, 500] loss: 0.012
2019-06-06 16:32:38,837 - root - INFO - [163, 1000] loss: 0.012
2019-06-06 16:32:50,587 - root - INFO - [163, 1500] loss: 0.015
2019-06-06 16:33:04,036 - root - INFO - [164, 500] loss: 0.012
2019-06-06 16:33:16,041 - root - INFO - [164, 1000] loss: 0.012
2019-06-06 16:33:27,995 - root - INFO - [164, 1500] loss: 0.010
2019-06-06 16:33:41,661 - root - INFO - [165, 500] loss: 0.011
2019-06-06 16:33:53,477 - root - INFO - [165, 1000] loss: 0.011
2019-06-06 16:34:05,302 - root - INFO - [165, 1500] loss: 0.011
2019-06-06 16:34:18,741 - root - INFO - [166, 500] loss: 0.010
2019-06-06 16:34:30,583 - root - INFO - [166, 1000] loss: 0.010
2019-06-06 16:34:42,407 - root - INFO - [166, 1500] loss: 0.009
2019-06-06 16:34:56,060 - root - INFO - [167, 500] loss: 0.007
2019-06-06 16:35:07,936 - root - INFO - [167, 1000] loss: 0.009
2019-06-06 16:35:19,721 - root - INFO - [167, 1500] loss: 0.010
2019-06-06 16:35:33,240 - root - INFO - [168, 500] loss: 0.008
2019-06-06 16:35:45,073 - root - INFO - [168, 1000] loss: 0.007
2019-06-06 16:35:56,858 - root - INFO - [168, 1500] loss: 0.007
2019-06-06 16:36:10,584 - root - INFO - [169, 500] loss: 0.006
2019-06-06 16:36:22,563 - root - INFO - [169, 1000] loss: 0.008
2019-06-06 16:36:34,440 - root - INFO - [169, 1500] loss: 0.007
2019-06-06 16:36:47,823 - root - INFO - [170, 500] loss: 0.007
2019-06-06 16:36:59,512 - root - INFO - [170, 1000] loss: 0.007
2019-06-06 16:37:11,211 - root - INFO - [170, 1500] loss: 0.008
Accuracy of the network on the 10000 test images: 0.934
Accuracy of plane : 92 %
Accuracy of   car : 99 %
Accuracy of  bird : 87 %
Accuracy of   cat : 86 %
Accuracy of  deer : 93 %
Accuracy of   dog : 90 %
Accuracy of  frog : 95 %
Accuracy of horse : 95 %
Accuracy of  ship : 97 %
Accuracy of truck : 97 %
2019-06-06 16:37:26,822 - root - INFO - [171, 500] loss: 0.006
2019-06-06 16:37:38,614 - root - INFO - [171, 1000] loss: 0.006
2019-06-06 16:37:50,788 - root - INFO - [171, 1500] loss: 0.006
2019-06-06 16:38:04,639 - root - INFO - [172, 500] loss: 0.006
2019-06-06 16:38:17,024 - root - INFO - [172, 1000] loss: 0.005
2019-06-06 16:38:29,072 - root - INFO - [172, 1500] loss: 0.007
2019-06-06 16:38:42,602 - root - INFO - [173, 500] loss: 0.005
2019-06-06 16:38:54,592 - root - INFO - [173, 1000] loss: 0.006
2019-06-06 16:39:06,568 - root - INFO - [173, 1500] loss: 0.006
2019-06-06 16:39:20,079 - root - INFO - [174, 500] loss: 0.007
2019-06-06 16:39:31,968 - root - INFO - [174, 1000] loss: 0.006
2019-06-06 16:39:43,942 - root - INFO - [174, 1500] loss: 0.006
2019-06-06 16:39:57,798 - root - INFO - [175, 500] loss: 0.005
2019-06-06 16:40:09,740 - root - INFO - [175, 1000] loss: 0.005
2019-06-06 16:40:21,710 - root - INFO - [175, 1500] loss: 0.006
2019-06-06 16:40:35,286 - root - INFO - [176, 500] loss: 0.006
2019-06-06 16:40:47,425 - root - INFO - [176, 1000] loss: 0.004
2019-06-06 16:40:59,375 - root - INFO - [176, 1500] loss: 0.005
2019-06-06 16:41:13,167 - root - INFO - [177, 500] loss: 0.003
2019-06-06 16:41:25,748 - root - INFO - [177, 1000] loss: 0.004
2019-06-06 16:41:37,811 - root - INFO - [177, 1500] loss: 0.005
2019-06-06 16:41:51,685 - root - INFO - [178, 500] loss: 0.003
2019-06-06 16:42:03,604 - root - INFO - [178, 1000] loss: 0.003
2019-06-06 16:42:15,459 - root - INFO - [178, 1500] loss: 0.003
2019-06-06 16:42:29,082 - root - INFO - [179, 500] loss: 0.003
2019-06-06 16:42:40,911 - root - INFO - [179, 1000] loss: 0.004
2019-06-06 16:42:52,791 - root - INFO - [179, 1500] loss: 0.004
2019-06-06 16:43:06,551 - root - INFO - [180, 500] loss: 0.003
2019-06-06 16:43:18,745 - root - INFO - [180, 1000] loss: 0.004
2019-06-06 16:43:30,994 - root - INFO - [180, 1500] loss: 0.004
Accuracy of the network on the 10000 test images: 0.938
Accuracy of plane : 94 %
Accuracy of   car : 98 %
Accuracy of  bird : 88 %
Accuracy of   cat : 86 %
Accuracy of  deer : 93 %
Accuracy of   dog : 93 %
Accuracy of  frog : 94 %
Accuracy of horse : 96 %
Accuracy of  ship : 96 %
Accuracy of truck : 97 %
2019-06-06 16:43:46,765 - root - INFO - [181, 500] loss: 0.004
2019-06-06 16:43:58,734 - root - INFO - [181, 1000] loss: 0.004
2019-06-06 16:44:10,686 - root - INFO - [181, 1500] loss: 0.002
2019-06-06 16:44:24,665 - root - INFO - [182, 500] loss: 0.003
2019-06-06 16:44:36,633 - root - INFO - [182, 1000] loss: 0.004
2019-06-06 16:44:48,629 - root - INFO - [182, 1500] loss: 0.003
2019-06-06 16:45:02,162 - root - INFO - [183, 500] loss: 0.003
2019-06-06 16:45:14,034 - root - INFO - [183, 1000] loss: 0.004
2019-06-06 16:45:25,897 - root - INFO - [183, 1500] loss: 0.004
2019-06-06 16:45:39,473 - root - INFO - [184, 500] loss: 0.003
2019-06-06 16:45:51,392 - root - INFO - [184, 1000] loss: 0.003
2019-06-06 16:46:03,652 - root - INFO - [184, 1500] loss: 0.003
2019-06-06 16:46:17,249 - root - INFO - [185, 500] loss: 0.003
2019-06-06 16:46:29,509 - root - INFO - [185, 1000] loss: 0.003
2019-06-06 16:46:41,509 - root - INFO - [185, 1500] loss: 0.002
2019-06-06 16:46:55,417 - root - INFO - [186, 500] loss: 0.002
2019-06-06 16:47:07,655 - root - INFO - [186, 1000] loss: 0.003
2019-06-06 16:47:19,667 - root - INFO - [186, 1500] loss: 0.003
2019-06-06 16:47:33,558 - root - INFO - [187, 500] loss: 0.003
2019-06-06 16:47:45,584 - root - INFO - [187, 1000] loss: 0.003
2019-06-06 16:47:57,642 - root - INFO - [187, 1500] loss: 0.002
2019-06-06 16:48:11,513 - root - INFO - [188, 500] loss: 0.003
2019-06-06 16:48:23,680 - root - INFO - [188, 1000] loss: 0.003
2019-06-06 16:48:35,730 - root - INFO - [188, 1500] loss: 0.002
2019-06-06 16:48:49,429 - root - INFO - [189, 500] loss: 0.002
2019-06-06 16:49:01,810 - root - INFO - [189, 1000] loss: 0.003
2019-06-06 16:49:13,785 - root - INFO - [189, 1500] loss: 0.002
2019-06-06 16:49:27,499 - root - INFO - [190, 500] loss: 0.003
2019-06-06 16:49:39,338 - root - INFO - [190, 1000] loss: 0.003
2019-06-06 16:49:51,574 - root - INFO - [190, 1500] loss: 0.003
Accuracy of the network on the 10000 test images: 0.935
Accuracy of plane : 91 %
Accuracy of   car : 99 %
Accuracy of  bird : 87 %
Accuracy of   cat : 86 %
Accuracy of  deer : 94 %
Accuracy of   dog : 92 %
Accuracy of  frog : 94 %
Accuracy of horse : 95 %
Accuracy of  ship : 98 %
Accuracy of truck : 97 %
2019-06-06 16:50:07,823 - root - INFO - [191, 500] loss: 0.003
2019-06-06 16:50:19,885 - root - INFO - [191, 1000] loss: 0.002
2019-06-06 16:50:32,035 - root - INFO - [191, 1500] loss: 0.002
2019-06-06 16:50:45,945 - root - INFO - [192, 500] loss: 0.003
2019-06-06 16:50:57,826 - root - INFO - [192, 1000] loss: 0.002
2019-06-06 16:51:09,718 - root - INFO - [192, 1500] loss: 0.002
2019-06-06 16:51:23,481 - root - INFO - [193, 500] loss: 0.002
2019-06-06 16:51:35,474 - root - INFO - [193, 1000] loss: 0.002
2019-06-06 16:51:47,681 - root - INFO - [193, 1500] loss: 0.003
2019-06-06 16:52:01,530 - root - INFO - [194, 500] loss: 0.003
2019-06-06 16:52:13,865 - root - INFO - [194, 1000] loss: 0.002
2019-06-06 16:52:26,058 - root - INFO - [194, 1500] loss: 0.003
2019-06-06 16:52:39,998 - root - INFO - [195, 500] loss: 0.003
2019-06-06 16:52:52,021 - root - INFO - [195, 1000] loss: 0.003
2019-06-06 16:53:04,081 - root - INFO - [195, 1500] loss: 0.003
2019-06-06 16:53:17,719 - root - INFO - [196, 500] loss: 0.003
2019-06-06 16:53:29,678 - root - INFO - [196, 1000] loss: 0.002
2019-06-06 16:53:41,862 - root - INFO - [196, 1500] loss: 0.002
2019-06-06 16:53:55,708 - root - INFO - [197, 500] loss: 0.003
2019-06-06 16:54:07,915 - root - INFO - [197, 1000] loss: 0.003
2019-06-06 16:54:19,897 - root - INFO - [197, 1500] loss: 0.002
2019-06-06 16:54:33,692 - root - INFO - [198, 500] loss: 0.002
2019-06-06 16:54:45,707 - root - INFO - [198, 1000] loss: 0.002
2019-06-06 16:54:57,447 - root - INFO - [198, 1500] loss: 0.003
2019-06-06 16:55:11,027 - root - INFO - [199, 500] loss: 0.003
2019-06-06 16:55:22,927 - root - INFO - [199, 1000] loss: 0.002
2019-06-06 16:55:34,801 - root - INFO - [199, 1500] loss: 0.003
Accuracy of the network on the 10000 test images: 0.934
Accuracy of plane : 90 %
Accuracy of   car : 99 %
Accuracy of  bird : 86 %
Accuracy of   cat : 86 %
Accuracy of  deer : 95 %
Accuracy of   dog : 92 %
Accuracy of  frog : 94 %
Accuracy of horse : 96 %
Accuracy of  ship : 97 %
Accuracy of truck : 97 %

